[debug] [2024-12-03T04:19:40.344Z] ----------------------------------------------------------------------
[debug] [2024-12-03T04:19:40.346Z] Command:       /usr/local/bin/node /Users/hkim/Documents/Personal/Aicode/node_modules/.bin/firebase init hosting
[debug] [2024-12-03T04:19:40.346Z] CLI Version:   12.9.1
[debug] [2024-12-03T04:19:40.346Z] Platform:      darwin
[debug] [2024-12-03T04:19:40.346Z] Node Version:  v20.11.1
[debug] [2024-12-03T04:19:40.346Z] Time:          Tue Dec 03 2024 08:19:40 GMT+0400 (GMT+04:00)
[debug] [2024-12-03T04:19:40.346Z] ----------------------------------------------------------------------
[debug] 
[debug] [2024-12-03T04:19:40.382Z] > command requires scopes: ["email","openid","https://www.googleapis.com/auth/cloudplatformprojects.readonly","https://www.googleapis.com/auth/firebase","https://www.googleapis.com/auth/cloud-platform"]
[debug] [2024-12-03T04:19:40.382Z] > authorizing via signed-in user (abdalhkim.dev2022@gmail.com)
[info] 
     ######## #### ########  ######## ########     ###     ######  ########
     ##        ##  ##     ## ##       ##     ##  ##   ##  ##       ##
     ######    ##  ########  ######   ########  #########  ######  ######
     ##        ##  ##    ##  ##       ##     ## ##     ##       ## ##
     ##       #### ##     ## ######## ########  ##     ##  ######  ########

You're about to initialize a Firebase project in this directory:

  /Users/hkim/Documents/Personal/Aicode

Before we get started, keep in mind:

  * You are initializing within an existing Firebase project directory

[info] 
=== Project Setup
[info] 
[info] First, let's associate this project directory with a Firebase project.
[info] You can create multiple project aliases by running firebase use --add, 
[info] but for now we'll just set up a default project.
[info] 
[debug] [2024-12-03T04:19:40.384Z] Using project from CLI flag: oman-tourisms
[debug] [2024-12-03T04:19:40.385Z] >>> [apiv2][query] GET https://firebase.googleapis.com/v1beta1/projects/oman-tourisms [none]
[debug] [2024-12-03T04:19:41.233Z] <<< [apiv2][status] GET https://firebase.googleapis.com/v1beta1/projects/oman-tourisms 403
[debug] [2024-12-03T04:19:41.233Z] <<< [apiv2][body] GET https://firebase.googleapis.com/v1beta1/projects/oman-tourisms {"error":{"code":403,"message":"The caller does not have permission","status":"PERMISSION_DENIED"}}
[debug] [2024-12-03T04:19:41.234Z] HTTP Error: 403, The caller does not have permission
[debug] [2024-12-03T04:19:41.539Z] FirebaseError: HTTP Error: 403, The caller does not have permission
    at responseToError (/Users/hkim/Documents/Personal/Aicode/node_modules/firebase-tools/lib/responseToError.js:49:12)
    at RetryOperation._fn (/Users/hkim/Documents/Personal/Aicode/node_modules/firebase-tools/lib/apiv2.js:285:77)
    at process.processTicksAndRejections (node:internal/process/task_queues:95:5)
[error] 
[error] Error: Failed to get Firebase project oman-tourisms. Please make sure the project exists and your account has permission to access it.
[debug] [2024-12-03T04:19:48.282Z] ----------------------------------------------------------------------
[debug] [2024-12-03T04:19:48.284Z] Command:       /usr/local/bin/node /Users/hkim/Documents/Personal/Aicode/node_modules/.bin/firebase deploy
[debug] [2024-12-03T04:19:48.284Z] CLI Version:   12.9.1
[debug] [2024-12-03T04:19:48.285Z] Platform:      darwin
[debug] [2024-12-03T04:19:48.285Z] Node Version:  v20.11.1
[debug] [2024-12-03T04:19:48.285Z] Time:          Tue Dec 03 2024 08:19:48 GMT+0400 (GMT+04:00)
[debug] [2024-12-03T04:19:48.285Z] ----------------------------------------------------------------------
[debug] 
[debug] [2024-12-03T04:19:48.321Z] > command requires scopes: ["email","openid","https://www.googleapis.com/auth/cloudplatformprojects.readonly","https://www.googleapis.com/auth/firebase","https://www.googleapis.com/auth/cloud-platform"]
[debug] [2024-12-03T04:19:48.321Z] > authorizing via signed-in user (abdalhkim.dev2022@gmail.com)
[debug] [2024-12-03T04:19:48.321Z] [iam] checking project oman-tourisms for permissions ["firebase.projects.get","firebasehosting.sites.update"]
[debug] [2024-12-03T04:19:48.322Z] >>> [apiv2][query] POST https://cloudresourcemanager.googleapis.com/v1/projects/oman-tourisms:testIamPermissions [none]
[debug] [2024-12-03T04:19:48.322Z] >>> [apiv2][(partial)header] POST https://cloudresourcemanager.googleapis.com/v1/projects/oman-tourisms:testIamPermissions x-goog-quota-user=projects/oman-tourisms
[debug] [2024-12-03T04:19:48.322Z] >>> [apiv2][body] POST https://cloudresourcemanager.googleapis.com/v1/projects/oman-tourisms:testIamPermissions {"permissions":["firebase.projects.get","firebasehosting.sites.update"]}
[debug] [2024-12-03T04:19:50.038Z] <<< [apiv2][status] POST https://cloudresourcemanager.googleapis.com/v1/projects/oman-tourisms:testIamPermissions 200
[debug] [2024-12-03T04:19:50.039Z] <<< [apiv2][body] POST https://cloudresourcemanager.googleapis.com/v1/projects/oman-tourisms:testIamPermissions {}
[debug] [2024-12-03T04:19:50.039Z] [iam] error while checking permissions, command may fail: FirebaseError: Authorization failed. This account is missing the following required permissions on project oman-tourisms:

  firebase.projects.get
  firebasehosting.sites.update
[debug] [2024-12-03T04:19:50.040Z] >>> [apiv2][query] GET https://firebase.googleapis.com/v1beta1/projects/oman-tourisms [none]
[debug] [2024-12-03T04:19:50.651Z] <<< [apiv2][status] GET https://firebase.googleapis.com/v1beta1/projects/oman-tourisms 403
[debug] [2024-12-03T04:19:50.651Z] <<< [apiv2][body] GET https://firebase.googleapis.com/v1beta1/projects/oman-tourisms {"error":{"code":403,"message":"The caller does not have permission","status":"PERMISSION_DENIED"}}
[debug] [2024-12-03T04:19:50.652Z] HTTP Error: 403, The caller does not have permission
[error] 
[error] Error: Assertion failed: resolving hosting target of a site with no site name or target name. This should have caused an error earlier
